0 info it worked if it ends with ok
1 verbose cli [ '/usr/local/bin/node',
1 verbose cli   '/usr/local/bin/npm',
1 verbose cli   'install',
1 verbose cli   '--save',
1 verbose cli   'angular-bootstrap-slider' ]
2 info using npm@2.15.1
3 info using node@v4.4.3
4 verbose install initial load of /Users/steph.monette/Sites/data-viz_poc/package.json
5 warn package.json angular2-quickstart@1.0.0 No repository field.
6 verbose installManyTop reading scoped package data from /Users/steph.monette/Sites/data-viz_poc/node_modules/angular2/package.json
7 verbose installManyTop reading scoped package data from /Users/steph.monette/Sites/data-viz_poc/node_modules/concurrently/package.json
8 verbose installManyTop reading scoped package data from /Users/steph.monette/Sites/data-viz_poc/node_modules/es6-promise/package.json
9 verbose installManyTop reading scoped package data from /Users/steph.monette/Sites/data-viz_poc/node_modules/es6-shim/package.json
10 verbose installManyTop reading scoped package data from /Users/steph.monette/Sites/data-viz_poc/node_modules/jquery/package.json
11 verbose installManyTop reading scoped package data from /Users/steph.monette/Sites/data-viz_poc/node_modules/jquery-ui/package.json
12 verbose installManyTop reading scoped package data from /Users/steph.monette/Sites/data-viz_poc/node_modules/lite-server/package.json
13 verbose installManyTop reading scoped package data from /Users/steph.monette/Sites/data-viz_poc/node_modules/reflect-metadata/package.json
14 verbose installManyTop reading scoped package data from /Users/steph.monette/Sites/data-viz_poc/node_modules/rxjs/package.json
15 verbose installManyTop reading scoped package data from /Users/steph.monette/Sites/data-viz_poc/node_modules/systemjs/package.json
16 verbose installManyTop reading scoped package data from /Users/steph.monette/Sites/data-viz_poc/node_modules/typescript/package.json
17 verbose installManyTop reading scoped package data from /Users/steph.monette/Sites/data-viz_poc/node_modules/zone.js/package.json
18 verbose readDependencies loading dependencies from /Users/steph.monette/Sites/data-viz_poc/package.json
19 silly cache add args [ 'angular-bootstrap-slider', null ]
20 verbose cache add spec angular-bootstrap-slider
21 silly cache add parsed spec Result {
21 silly cache add   raw: 'angular-bootstrap-slider',
21 silly cache add   scope: null,
21 silly cache add   name: 'angular-bootstrap-slider',
21 silly cache add   rawSpec: '',
21 silly cache add   spec: 'latest',
21 silly cache add   type: 'tag' }
22 silly addNamed angular-bootstrap-slider@latest
23 verbose addNamed "latest" is being treated as a dist-tag for angular-bootstrap-slider
24 info addNameTag [ 'angular-bootstrap-slider', 'latest' ]
25 silly mapToRegistry name angular-bootstrap-slider
26 silly mapToRegistry using default registry
27 silly mapToRegistry registry https://registry.npmjs.org/
28 silly mapToRegistry data Result {
28 silly mapToRegistry   raw: 'angular-bootstrap-slider',
28 silly mapToRegistry   scope: null,
28 silly mapToRegistry   name: 'angular-bootstrap-slider',
28 silly mapToRegistry   rawSpec: '',
28 silly mapToRegistry   spec: 'latest',
28 silly mapToRegistry   type: 'tag' }
29 silly mapToRegistry uri https://registry.npmjs.org/angular-bootstrap-slider
30 verbose addNameTag registry:https://registry.npmjs.org/angular-bootstrap-slider not in flight; fetching
31 verbose request uri https://registry.npmjs.org/angular-bootstrap-slider
32 verbose request no auth needed
33 info attempt registry request try #1 at 1:53:03 PM
34 verbose request id bbd6352c57594e25
35 http request GET https://registry.npmjs.org/angular-bootstrap-slider
36 http 404 https://registry.npmjs.org/angular-bootstrap-slider
37 verbose headers { server: 'CouchDB/1.5.0 (Erlang OTP/R16B03)',
37 verbose headers   etag: '"6CKFE3E4HMXDT2OMO9KNDNIRH"',
37 verbose headers   'content-type': 'application/json',
37 verbose headers   'cache-control': 'max-age=0',
37 verbose headers   'content-length': '438',
37 verbose headers   'accept-ranges': 'bytes',
37 verbose headers   date: 'Tue, 07 Jun 2016 20:53:03 GMT',
37 verbose headers   via: '1.1 varnish',
37 verbose headers   age: '0',
37 verbose headers   connection: 'keep-alive',
37 verbose headers   'x-served-by': 'cache-lax1438-LAX',
37 verbose headers   'x-cache': 'MISS',
37 verbose headers   'x-cache-hits': '0',
37 verbose headers   'x-timer': 'S1465332783.775522,VS0,VE97',
37 verbose headers   vary: 'Accept-Encoding' }
38 silly get cb [ 404,
38 silly get   { server: 'CouchDB/1.5.0 (Erlang OTP/R16B03)',
38 silly get     etag: '"6CKFE3E4HMXDT2OMO9KNDNIRH"',
38 silly get     'content-type': 'application/json',
38 silly get     'cache-control': 'max-age=0',
38 silly get     'content-length': '438',
38 silly get     'accept-ranges': 'bytes',
38 silly get     date: 'Tue, 07 Jun 2016 20:53:03 GMT',
38 silly get     via: '1.1 varnish',
38 silly get     age: '0',
38 silly get     connection: 'keep-alive',
38 silly get     'x-served-by': 'cache-lax1438-LAX',
38 silly get     'x-cache': 'MISS',
38 silly get     'x-cache-hits': '0',
38 silly get     'x-timer': 'S1465332783.775522,VS0,VE97',
38 silly get     vary: 'Accept-Encoding' } ]
39 verbose stack Error: Registry returned 404 for GET on https://registry.npmjs.org/angular-bootstrap-slider
39 verbose stack     at makeError (/usr/local/lib/node_modules/npm/node_modules/npm-registry-client/lib/request.js:264:12)
39 verbose stack     at CachingRegistryClient.<anonymous> (/usr/local/lib/node_modules/npm/node_modules/npm-registry-client/lib/request.js:242:14)
39 verbose stack     at Request._callback (/usr/local/lib/node_modules/npm/node_modules/npm-registry-client/lib/request.js:172:14)
39 verbose stack     at Request.self.callback (/usr/local/lib/node_modules/npm/node_modules/request/request.js:199:22)
39 verbose stack     at emitTwo (events.js:87:13)
39 verbose stack     at Request.emit (events.js:172:7)
39 verbose stack     at Request.<anonymous> (/usr/local/lib/node_modules/npm/node_modules/request/request.js:1036:10)
39 verbose stack     at emitOne (events.js:82:20)
39 verbose stack     at Request.emit (events.js:169:7)
39 verbose stack     at IncomingMessage.<anonymous> (/usr/local/lib/node_modules/npm/node_modules/request/request.js:963:12)
40 verbose statusCode 404
41 verbose pkgid angular-bootstrap-slider
42 verbose cwd /Users/steph.monette/Sites/data-viz_poc
43 error Darwin 15.4.0
44 error argv "/usr/local/bin/node" "/usr/local/bin/npm" "install" "--save" "angular-bootstrap-slider"
45 error node v4.4.3
46 error npm  v2.15.1
47 error code E404
48 error 404 Registry returned 404 for GET on https://registry.npmjs.org/angular-bootstrap-slider
48 error 404
48 error 404 'angular-bootstrap-slider' is not in the npm registry.
48 error 404 You should bug the author to publish it (or use the name yourself!)
48 error 404 It was specified as a dependency of 'angular2-quickstart'
48 error 404
48 error 404 Note that you can also install from a
48 error 404 tarball, folder, http url, or git url.
49 verbose exit [ 1, true ]
